<?xml version="1.0" encoding="UTF-8"?>
<testsuite name="Ch_04_09_Solution_Before" tests="1" skipped="0" failures="0" errors="0" timestamp="2020-05-20T13:46:15" hostname="Vita" time="20.885">
  <properties/>
  <testcase name="test" classname="Ch_04_09_Solution_Before" time="20.885"/>
  <system-out><![CDATA[Pass
]]></system-out>
  <system-err><![CDATA[May 20, 2020 8:46:30 AM io.appium.java_client.remote.AppiumCommandExecutor$1 lambda$0
INFO: Detected dialect: W3C
]]></system-err>
</testsuite>
