<?xml version="1.0" encoding="UTF-8"?>
<testsuite name="Ch_04_09_Solution_Before" tests="1" skipped="0" failures="0" errors="0" timestamp="2020-05-20T06:00:10" hostname="Vita" time="21.586">
  <properties/>
  <testcase name="test" classname="Ch_04_09_Solution_Before" time="21.586"/>
  <system-out><![CDATA[]]></system-out>
  <system-err><![CDATA[May 20, 2020 1:00:25 AM io.appium.java_client.remote.AppiumCommandExecutor$1 lambda$0
INFO: Detected dialect: W3C
]]></system-err>
</testsuite>
