<?xml version="1.0" encoding="UTF-8"?>
<testsuite name="Ch_04_06_Page_Source_Before" tests="1" skipped="0" failures="0" errors="0" timestamp="2020-05-20T03:51:03" hostname="Vita" time="20.237">
  <properties/>
  <testcase name="test" classname="Ch_04_06_Page_Source_Before" time="20.237"/>
  <system-out><![CDATA[<?xml version='1.0' encoding='UTF-8' standalone='yes' ?>
<hierarchy index="0" class="hierarchy" rotation="0" width="1440" height="2392">
  <android.widget.FrameLayout index="0" package="io.cloudgrey.the_app" class="android.widget.FrameLayout" text="" checkable="false" checked="false" clickable="false" enabled="true" focusable="false" focused="false" long-clickable="false" password="false" scrollable="false" selected="false" bounds="[0,0][1440,2392]" displayed="true">
    <android.widget.LinearLayout index="0" package="io.cloudgrey.the_app" class="android.widget.LinearLayout" text="" checkable="false" checked="false" clickable="false" enabled="true" focusable="false" focused="false" long-clickable="false" password="false" scrollable="false" selected="false" bounds="[0,0][1440,2392]" displayed="true">
      <android.widget.FrameLayout index="0" package="io.cloudgrey.the_app" class="android.widget.FrameLayout" text="" checkable="false" checked="false" clickable="false" enabled="true" focusable="false" focused="false" long-clickable="false" password="false" scrollable="false" selected="false" bounds="[0,84][1440,2392]" displayed="true">
        <android.widget.LinearLayout index="0" package="io.cloudgrey.the_app" class="android.widget.LinearLayout" text="" resource-id="io.cloudgrey.the_app:id/action_bar_root" checkable="false" checked="false" clickable="false" enabled="true" focusable="false" focused="false" long-clickable="false" password="false" scrollable="false" selected="false" bounds="[0,84][1440,2392]" displayed="true">
          <android.widget.FrameLayout index="0" package="io.cloudgrey.the_app" class="android.widget.FrameLayout" text="" resource-id="android:id/content" checkable="false" checked="false" clickable="false" enabled="true" focusable="false" focused="false" long-clickable="false" password="false" scrollable="false" selected="false" bounds="[0,84][1440,2392]" displayed="true">
            <android.widget.RelativeLayout index="0" package="io.cloudgrey.the_app" class="android.widget.RelativeLayout" text="" checkable="false" checked="false" clickable="false" enabled="true" focusable="false" focused="false" long-clickable="false" password="false" scrollable="false" selected="false" bounds="[0,84][1440,2392]" displayed="true">
              <android.view.ViewGroup index="0" package="io.cloudgrey.the_app" class="android.view.ViewGroup" text="" checkable="false" checked="false" clickable="false" enabled="true" focusable="false" focused="false" long-clickable="false" password="false" scrollable="false" selected="false" bounds="[0,84][1440,2392]" displayed="true" />
              <android.widget.RelativeLayout index="1" package="io.cloudgrey.the_app" class="android.widget.RelativeLayout" text="" checkable="false" checked="false" clickable="false" enabled="true" focusable="false" focused="false" long-clickable="false" password="false" scrollable="false" selected="false" bounds="[0,84][1440,2392]" displayed="true">
                <android.widget.LinearLayout index="0" package="io.cloudgrey.the_app" class="android.widget.LinearLayout" text="" checkable="false" checked="false" clickable="false" enabled="true" focusable="false" focused="false" long-clickable="false" password="false" scrollable="false" selected="false" bounds="[0,84][1440,280]" displayed="true">
                  <android.widget.FrameLayout index="0" package="io.cloudgrey.the_app" class="android.widget.FrameLayout" text="" checkable="false" checked="false" clickable="false" enabled="true" focusable="false" focused="false" long-clickable="false" password="false" scrollable="false" selected="false" bounds="[0,84][1440,280]" displayed="true">
                    <android.view.ViewGroup index="0" package="io.cloudgrey.the_app" class="android.view.ViewGroup" text="" checkable="false" checked="false" clickable="false" enabled="true" focusable="false" focused="false" long-clickable="false" password="false" scrollable="false" selected="false" bounds="[0,84][1440,280]" displayed="true">
                      <android.widget.ImageButton index="0" package="io.cloudgrey.the_app" class="android.widget.ImageButton" text="" checkable="false" checked="false" clickable="true" enabled="true" focusable="true" focused="false" long-clickable="false" password="false" scrollable="false" selected="false" bounds="[0,84][196,280]" displayed="true" />
                    </android.view.ViewGroup>
                  </android.widget.FrameLayout>
                </android.widget.LinearLayout>
                <android.widget.FrameLayout index="1" package="io.cloudgrey.the_app" class="android.widget.FrameLayout" text="" checkable="false" checked="false" clickable="false" enabled="true" focusable="false" focused="false" long-clickable="false" password="false" scrollable="false" selected="false" bounds="[0,280][1440,2392]" displayed="true">
                  <android.widget.TextView index="0" package="io.cloudgrey.the_app" class="android.widget.TextView" text="Login" checkable="false" checked="false" clickable="false" enabled="true" focusable="false" focused="false" long-clickable="false" password="false" scrollable="false" selected="false" bounds="[534,420][907,619]" displayed="true" />
                  <android.view.ViewGroup index="1" package="io.cloudgrey.the_app" class="android.view.ViewGroup" text="" checkable="false" checked="false" clickable="false" enabled="true" focusable="false" focused="false" long-clickable="false" password="false" scrollable="false" selected="false" bounds="[175,619][1265,759]" displayed="true">
                    <android.widget.EditText index="0" package="io.cloudgrey.the_app" class="android.widget.EditText" text="Username" content-desc="username" checkable="false" checked="false" clickable="true" enabled="true" focusable="true" focused="false" long-clickable="true" password="false" scrollable="false" selected="false" bounds="[175,628][1265,759]" displayed="true" />
                  </android.view.ViewGroup>
                  <android.view.ViewGroup index="2" package="io.cloudgrey.the_app" class="android.view.ViewGroup" text="" checkable="false" checked="false" clickable="false" enabled="true" focusable="false" focused="false" long-clickable="false" password="false" scrollable="false" selected="false" bounds="[175,759][1265,899]" displayed="true">
                    <android.widget.EditText index="0" package="io.cloudgrey.the_app" class="android.widget.EditText" text="Password" content-desc="password" checkable="false" checked="false" clickable="true" enabled="true" focusable="true" focused="false" long-clickable="true" password="true" scrollable="false" selected="false" bounds="[175,768][1265,899]" displayed="true" />
                  </android.view.ViewGroup>
                  <android.view.ViewGroup index="3" package="io.cloudgrey.the_app" class="android.view.ViewGroup" text="" checkable="false" checked="false" clickable="false" enabled="true" focusable="false" focused="false" long-clickable="false" password="false" scrollable="false" selected="false" bounds="[622,899][818,1031]" displayed="true">
                    <android.view.ViewGroup index="0" package="io.cloudgrey.the_app" class="android.view.ViewGroup" text="" content-desc="loginBtn" checkable="false" checked="false" clickable="false" enabled="true" focusable="true" focused="false" long-clickable="false" password="false" scrollable="false" selected="false" bounds="[622,899][818,1031]" displayed="true">
                      <android.widget.TextView index="0" package="io.cloudgrey.the_app" class="android.widget.TextView" text="Login" checkable="false" checked="false" clickable="false" enabled="true" focusable="false" focused="false" long-clickable="false" password="false" scrollable="false" selected="false" bounds="[622,899][818,1031]" displayed="true" />
                    </android.view.ViewGroup>
                  </android.view.ViewGroup>
                </android.widget.FrameLayout>
              </android.widget.RelativeLayout>
            </android.widget.RelativeLayout>
          </android.widget.FrameLayout>
        </android.widget.LinearLayout>
      </android.widget.FrameLayout>
    </android.widget.LinearLayout>
  </android.widget.FrameLayout>
</hierarchy>
]]></system-out>
  <system-err><![CDATA[May 19, 2020 10:51:19 PM io.appium.java_client.remote.AppiumCommandExecutor$1 lambda$0
INFO: Detected dialect: W3C
]]></system-err>
</testsuite>
